Determining if the pthread_create exist failed with the following output:
Change Dir: /home/legolas/CNN_libs/caffe-master_last/CMakeFiles/CMakeTmp

Run Build Command:"/usr/bin/make" "cmTryCompileExec3429545011/fast"
/usr/bin/make -f CMakeFiles/cmTryCompileExec3429545011.dir/build.make CMakeFiles/cmTryCompileExec3429545011.dir/build
make[1]: Entering directory `/home/legolas/CNN_libs/caffe-master_last/CMakeFiles/CMakeTmp'
/usr/local/bin/cmake -E cmake_progress_report /home/legolas/CNN_libs/caffe-master_last/CMakeFiles/CMakeTmp/CMakeFiles 1
Building C object CMakeFiles/cmTryCompileExec3429545011.dir/CheckSymbolExists.c.o
/usr/bin/cc    -o CMakeFiles/cmTryCompileExec3429545011.dir/CheckSymbolExists.c.o   -c /home/legolas/CNN_libs/caffe-master_last/CMakeFiles/CMakeTmp/CheckSymbolExists.c
Linking C executable cmTryCompileExec3429545011
/usr/local/bin/cmake -E cmake_link_script CMakeFiles/cmTryCompileExec3429545011.dir/link.txt --verbose=1
/usr/bin/cc       CMakeFiles/cmTryCompileExec3429545011.dir/CheckSymbolExists.c.o  -o cmTryCompileExec3429545011 -rdynamic 
CMakeFiles/cmTryCompileExec3429545011.dir/CheckSymbolExists.c.o: In function `main':
CheckSymbolExists.c:(.text+0x16): undefined reference to `pthread_create'
collect2: error: ld returned 1 exit status
make[1]: *** [cmTryCompileExec3429545011] Error 1
make[1]: Leaving directory `/home/legolas/CNN_libs/caffe-master_last/CMakeFiles/CMakeTmp'
make: *** [cmTryCompileExec3429545011/fast] Error 2

File /home/legolas/CNN_libs/caffe-master_last/CMakeFiles/CMakeTmp/CheckSymbolExists.c:
/* */
#include <pthread.h>

int main(int argc, char** argv)
{
  (void)argv;
#ifndef pthread_create
  return ((int*)(&pthread_create))[argc];
#else
  (void)argc;
  return 0;
#endif
}

Determining if the function pthread_create exists in the pthreads failed with the following output:
Change Dir: /home/legolas/CNN_libs/caffe-master_last/CMakeFiles/CMakeTmp

Run Build Command:"/usr/bin/make" "cmTryCompileExec3578634502/fast"
/usr/bin/make -f CMakeFiles/cmTryCompileExec3578634502.dir/build.make CMakeFiles/cmTryCompileExec3578634502.dir/build
make[1]: Entering directory `/home/legolas/CNN_libs/caffe-master_last/CMakeFiles/CMakeTmp'
/usr/local/bin/cmake -E cmake_progress_report /home/legolas/CNN_libs/caffe-master_last/CMakeFiles/CMakeTmp/CMakeFiles 1
Building C object CMakeFiles/cmTryCompileExec3578634502.dir/CheckFunctionExists.c.o
/usr/bin/cc   -DCHECK_FUNCTION_EXISTS=pthread_create   -o CMakeFiles/cmTryCompileExec3578634502.dir/CheckFunctionExists.c.o   -c /usr/local/share/cmake-3.2/Modules/CheckFunctionExists.c
Linking C executable cmTryCompileExec3578634502
/usr/local/bin/cmake -E cmake_link_script CMakeFiles/cmTryCompileExec3578634502.dir/link.txt --verbose=1
/usr/bin/cc   -DCHECK_FUNCTION_EXISTS=pthread_create    CMakeFiles/cmTryCompileExec3578634502.dir/CheckFunctionExists.c.o  -o cmTryCompileExec3578634502 -rdynamic -lpthreads 
/usr/bin/ld: cannot find -lpthreads
collect2: error: ld returned 1 exit status
make[1]: *** [cmTryCompileExec3578634502] Error 1
make[1]: Leaving directory `/home/legolas/CNN_libs/caffe-master_last/CMakeFiles/CMakeTmp'
make: *** [cmTryCompileExec3578634502/fast] Error 2


